
Listening on http://127.0.0.1:37414
pandoc: /scratch/RtmpUSbWVK/rmarkdown-str977d47632b6c.html: openFile: does not exist (No such file or directory)
pandoc: /scratch/RtmpUSbWVK/rmarkdown-str978047632b6c.html: openFile: does not exist (No such file or directory)
pandoc: /scratch/RtmpUSbWVK/rmarkdown-str977c47632b6c.html: openFile: does not exist (No such file or directory)
pandoc: /scratch/RtmpUSbWVK/rmarkdown-str978547632b6c.html: openFile: does not exist (No such file or directory)
pandoc: /scratch/RtmpUSbWVK/rmarkdown-str978947632b6c.html: openFile: does not exist (No such file or directory)
pandoc: /scratch/RtmpUSbWVK/rmarkdown-str978247632b6c.html: openFile: does not exist (No such file or directory)
pandoc: /scratch/RtmpUSbWVK/rmarkdown-str97921e61b2ef.html: openFile: does not exist (No such file or directory)
pandoc: /scratch/RtmpUSbWVK/rmarkdown-str979047632b6c.html: openFile: does not exist (No such file or directory)
pandoc: /scratch/RtmpUSbWVK/rmarkdown-str978a47632b6c.html: openFile: does not exist (No such file or directory)
pandoc: /scratch/RtmpUSbWVK/rmarkdown-str978c47632b6c.html: openFile: does not exist (No such file or directory)
pandoc: /scratch/RtmpUSbWVK/rmarkdown-str979447632b6c.html: openFile: does not exist (No such file or directory)
pandoc: /scratch/RtmpUSbWVK/rmarkdown-str978d47632b6c.html: openFile: does not exist (No such file or directory)
pandoc: /scratch/RtmpUSbWVK/rmarkdown-str979547632b6c.html: openFile: does not exist (No such file or directory)
pandoc: /scratch/RtmpUSbWVK/rmarkdown-str979d47632b6c.html: openFile: does not exist (No such file or directory)
pandoc: /scratch/RtmpUSbWVK/rmarkdown-str979e47632b6c.html: openFile: does not exist (No such file or directory)
pandoc: /scratch/RtmpUSbWVK/rmarkdown-str97966ddc0618.html: openFile: does not exist (No such file or directory)
Warning in selectChildren(jobs, timeout) :
  cannot wait for child 38819 as it does not exist
Warning in selectChildren(jobs, timeout) :
  cannot wait for child 38818 as it does not exist
Warning in selectChildren(jobs, timeout) :
  cannot wait for child 38817 as it does not exist
Warning in selectChildren(jobs, timeout) :
  cannot wait for child 38814 as it does not exist
Warning in selectChildren(jobs, timeout) :
  cannot wait for child 38813 as it does not exist
Warning in selectChildren(jobs, timeout) :
  cannot wait for child 38806 as it does not exist
Warning in selectChildren(jobs, timeout) :
  cannot wait for child 38805 as it does not exist
Warning in selectChildren(jobs, timeout) :
  cannot wait for child 38804 as it does not exist
Warning in selectChildren(jobs, timeout) :
  cannot wait for child 38803 as it does not exist
Warning in selectChildren(jobs, timeout) :
  cannot wait for child 38802 as it does not exist
Warning in selectChildren(jobs, timeout) :
  cannot wait for child 38800 as it does not exist
Warning in selectChildren(jobs, timeout) :
  cannot wait for child 38797 as it does not exist
Warning in selectChildren(jobs, timeout) :
  cannot wait for child 38796 as it does not exist
Warning in selectChildren(jobs, timeout) :
  cannot wait for child 38794 as it does not exist
Warning in selectChildren(jobs, timeout) :
  cannot wait for child 38793 as it does not exist
Warning in selectChildren(jobs, timeout) :
  cannot wait for child 38790 as it does not exist
Warning in selectChildren(jobs, timeout) :
  cannot wait for child 38789 as it does not exist
Warning in selectChildren(jobs, timeout) :
  cannot wait for child 38788 as it does not exist
Warning in selectChildren(jobs, timeout) :
  cannot wait for child 38787 as it does not exist
Warning in selectChildren(jobs, timeout) :
  cannot wait for child 38786 as it does not exist
Warning in selectChildren(jobs, timeout) :
  cannot wait for child 38784 as it does not exist
Warning in selectChildren(jobs, timeout) :
  cannot wait for child 38782 as it does not exist
Warning in selectChildren(jobs, timeout) :
  cannot wait for child 38781 as it does not exist
Warning in selectChildren(jobs, timeout) :
  cannot wait for child 38819 as it does not exist
Warning in selectChildren(jobs, timeout) :
  cannot wait for child 38818 as it does not exist
Warning in selectChildren(jobs, timeout) :
  cannot wait for child 38817 as it does not exist
Warning in selectChildren(jobs, timeout) :
  cannot wait for child 38814 as it does not exist
Warning in selectChildren(jobs, timeout) :
  cannot wait for child 38813 as it does not exist
Warning in selectChildren(jobs, timeout) :
  cannot wait for child 38806 as it does not exist
Warning in selectChildren(jobs, timeout) :
  cannot wait for child 38805 as it does not exist
Warning in selectChildren(jobs, timeout) :
  cannot wait for child 38804 as it does not exist
Warning in selectChildren(jobs, timeout) :
  cannot wait for child 38803 as it does not exist
Warning in selectChildren(jobs, timeout) :
  cannot wait for child 38802 as it does not exist
Warning in selectChildren(jobs, timeout) :
  cannot wait for child 38800 as it does not exist
Warning in selectChildren(jobs, timeout) :
  cannot wait for child 38797 as it does not exist
Warning in selectChildren(jobs, timeout) :
  cannot wait for child 38796 as it does not exist
Warning in selectChildren(jobs, timeout) :
  cannot wait for child 38794 as it does not exist
Warning in selectChildren(jobs, timeout) :
  cannot wait for child 38793 as it does not exist
pandoc: /scratch/RtmpUSbWVK/rmarkdown-str97a147632b6c.html: openFile: does not exist (No such file or directory)
Warning in selectChildren(jobs, timeout) :
  cannot wait for child 38790 as it does not exist
Warning in selectChildren(jobs, timeout) :
  cannot wait for child 38789 as it does not exist
Warning in selectChildren(jobs, timeout) :
  cannot wait for child 38788 as it does not exist
Warning in selectChildren(jobs, timeout) :
  cannot wait for child 38787 as it does not exist
Warning in selectChildren(jobs, timeout) :
  cannot wait for child 38786 as it does not exist
Warning in selectChildren(jobs, timeout) :
  cannot wait for child 38784 as it does not exist
Warning in selectChildren(jobs, timeout) :
  cannot wait for child 38782 as it does not exist
Warning in selectChildren(jobs, timeout) :
  cannot wait for child 38781 as it does not exist
sh: line 0: kill: (38780) - No such process
pandoc: /scratch/RtmpUSbWVK/rmarkdown-str97a247632b6c.html: openFile: does not exist (No such file or directory)
Warning in selectChildren(jobs, timeout) :
  cannot wait for child 38819 as it does not exist
Warning in selectChildren(jobs, timeout) :
  cannot wait for child 38818 as it does not exist
Warning in selectChildren(jobs, timeout) :
  cannot wait for child 38817 as it does not exist
Warning in selectChildren(jobs, timeout) :
  cannot wait for child 38814 as it does not exist
Warning in selectChildren(jobs, timeout) :
  cannot wait for child 38813 as it does not exist
Warning in selectChildren(jobs, timeout) :
  cannot wait for child 38806 as it does not exist
Warning in selectChildren(jobs, timeout) :
  cannot wait for child 38805 as it does not exist
Warning in selectChildren(jobs, timeout) :
  cannot wait for child 38804 as it does not exist
Warning in selectChildren(jobs, timeout) :
  cannot wait for child 38803 as it does not exist
Warning in selectChildren(jobs, timeout) :
  cannot wait for child 38802 as it does not exist
Warning in selectChildren(jobs, timeout) :
  cannot wait for child 38800 as it does not exist
Warning in selectChildren(jobs, timeout) :
  cannot wait for child 38797 as it does not exist
Warning in selectChildren(jobs, timeout) :
  cannot wait for child 38796 as it does not exist
Warning in selectChildren(jobs, timeout) :
  cannot wait for child 38794 as it does not exist
Warning in selectChildren(jobs, timeout) :
  cannot wait for child 38793 as it does not exist
Warning in selectChildren(jobs, timeout) :
  cannot wait for child 38790 as it does not exist
Warning in selectChildren(jobs, timeout) :
  cannot wait for child 38789 as it does not exist
Warning in selectChildren(jobs, timeout) :
  cannot wait for child 38788 as it does not exist
Warning in selectChildren(jobs, timeout) :
  cannot wait for child 38787 as it does not exist
Warning in selectChildren(jobs, timeout) :
  cannot wait for child 38786 as it does not exist
Warning in selectChildren(jobs, timeout) :
  cannot wait for child 38784 as it does not exist
Warning in selectChildren(jobs, timeout) :
  cannot wait for child 38782 as it does not exist
Warning in selectChildren(jobs, timeout) :
  cannot wait for child 38819 as it does not exist
Warning in selectChildren(jobs, timeout) :
  cannot wait for child 38818 as it does not exist
Warning in selectChildren(jobs, timeout) :
  cannot wait for child 38817 as it does not exist
Warning in selectChildren(jobs, timeout) :
  cannot wait for child 38814 as it does not exist
Warning in selectChildren(jobs, timeout) :
  cannot wait for child 38813 as it does not exist
Warning in selectChildren(jobs, timeout) :
  cannot wait for child 38806 as it does not exist
Warning in selectChildren(jobs, timeout) :
  cannot wait for child 38805 as it does not exist
Warning in selectChildren(jobs, timeout) :
  cannot wait for child 38804 as it does not exist
Warning in selectChildren(jobs, timeout) :
  cannot wait for child 38803 as it does not exist
Warning in selectChildren(jobs, timeout) :
  cannot wait for child 38802 as it does not exist
Warning in selectChildren(jobs, timeout) :
  cannot wait for child 38800 as it does not exist
Warning in selectChildren(jobs, timeout) :
  cannot wait for child 38797 as it does not exist
Warning in selectChildren(jobs, timeout) :
  cannot wait for child 38796 as it does not exist
Warning in selectChildren(jobs, timeout) :
  cannot wait for child 38794 as it does not exist
Warning in selectChildren(jobs, timeout) :
  cannot wait for child 38793 as it does not exist
Warning in selectChildren(jobs, timeout) :
  cannot wait for child 38790 as it does not exist
Warning in selectChildren(jobs, timeout) :
  cannot wait for child 38789 as it does not exist
Warning in selectChildren(jobs, timeout) :
  cannot wait for child 38788 as it does not exist
Warning in selectChildren(jobs, timeout) :
  cannot wait for child 38787 as it does not exist
Warning in selectChildren(jobs, timeout) :
  cannot wait for child 38786 as it does not exist
Warning in selectChildren(jobs, timeout) :
  cannot wait for child 38784 as it does not exist
Warning in selectChildren(jobs, timeout) :
  cannot wait for child 38782 as it does not exist
sh: line 0: kill: (38781) - No such process
Warning in selectChildren(jobs, timeout) :
  cannot wait for child 38819 as it does not exist
Warning in selectChildren(jobs, timeout) :
  cannot wait for child 38818 as it does not exist
Warning in selectChildren(jobs, timeout) :
  cannot wait for child 38817 as it does not exist
Warning in selectChildren(jobs, timeout) :
  cannot wait for child 38814 as it does not exist
Warning in selectChildren(jobs, timeout) :
  cannot wait for child 38813 as it does not exist
Warning in selectChildren(jobs, timeout) :
  cannot wait for child 38806 as it does not exist
Warning in selectChildren(jobs, timeout) :
  cannot wait for child 38805 as it does not exist
Warning in selectChildren(jobs, timeout) :
  cannot wait for child 38804 as it does not exist
Warning in selectChildren(jobs, timeout) :
  cannot wait for child 38803 as it does not exist
Warning in selectChildren(jobs, timeout) :
  cannot wait for child 38802 as it does not exist
Warning in selectChildren(jobs, timeout) :
  cannot wait for child 38800 as it does not exist
Warning in selectChildren(jobs, timeout) :
  cannot wait for child 38797 as it does not exist
Warning in selectChildren(jobs, timeout) :
  cannot wait for child 38796 as it does not exist
Warning in selectChildren(jobs, timeout) :
  cannot wait for child 38794 as it does not exist
Warning in selectChildren(jobs, timeout) :
  cannot wait for child 38793 as it does not exist
Warning in selectChildren(jobs, timeout) :
  cannot wait for child 38790 as it does not exist
Warning in selectChildren(jobs, timeout) :
  cannot wait for child 38789 as it does not exist
Warning in selectChildren(jobs, timeout) :
  cannot wait for child 38788 as it does not exist
Warning in selectChildren(jobs, timeout) :
  cannot wait for child 38787 as it does not exist
Warning in selectChildren(jobs, timeout) :
  cannot wait for child 38786 as it does not exist
Warning in selectChildren(jobs, timeout) :
  cannot wait for child 38784 as it does not exist
Warning in selectChildren(jobs, timeout) :
  cannot wait for child 38819 as it does not exist
Warning in selectChildren(jobs, timeout) :
  cannot wait for child 38818 as it does not exist
Warning in selectChildren(jobs, timeout) :
  cannot wait for child 38817 as it does not exist
Warning in selectChildren(jobs, timeout) :
  cannot wait for child 38814 as it does not exist
Warning in selectChildren(jobs, timeout) :
  cannot wait for child 38813 as it does not exist
Warning in selectChildren(jobs, timeout) :
  cannot wait for child 38806 as it does not exist
Warning in selectChildren(jobs, timeout) :
  cannot wait for child 38805 as it does not exist
Warning in selectChildren(jobs, timeout) :
  cannot wait for child 38804 as it does not exist
Warning in selectChildren(jobs, timeout) :
  cannot wait for child 38803 as it does not exist
Warning in selectChildren(jobs, timeout) :
  cannot wait for child 38802 as it does not exist
Warning in selectChildren(jobs, timeout) :
  cannot wait for child 38800 as it does not exist
Warning in selectChildren(jobs, timeout) :
  cannot wait for child 38797 as it does not exist
Warning in selectChildren(jobs, timeout) :
  cannot wait for child 38796 as it does not exist
Warning in selectChildren(jobs, timeout) :
  cannot wait for child 38794 as it does not exist
Warning in selectChildren(jobs, timeout) :
  cannot wait for child 38793 as it does not exist
Warning in selectChildren(jobs, timeout) :
  cannot wait for child 38790 as it does not exist
Warning in selectChildren(jobs, timeout) :
  cannot wait for child 38789 as it does not exist
Warning in selectChildren(jobs, timeout) :
  cannot wait for child 38788 as it does not exist
Warning in selectChildren(jobs, timeout) :
  cannot wait for child 38787 as it does not exist
Warning in selectChildren(jobs, timeout) :
  cannot wait for child 38786 as it does not exist
Warning in selectChildren(jobs, timeout) :
  cannot wait for child 38784 as it does not exist
sh: line 0: kill: (38782) - No such process
Warning in selectChildren(jobs, timeout) :
  cannot wait for child 38819 as it does not exist
Warning in selectChildren(jobs, timeout) :
  cannot wait for child 38818 as it does not exist
Warning in selectChildren(jobs, timeout) :
  cannot wait for child 38817 as it does not exist
Warning in selectChildren(jobs, timeout) :
  cannot wait for child 38814 as it does not exist
Warning in selectChildren(jobs, timeout) :
  cannot wait for child 38813 as it does not exist
Warning in selectChildren(jobs, timeout) :
  cannot wait for child 38806 as it does not exist
Warning in selectChildren(jobs, timeout) :
  cannot wait for child 38805 as it does not exist
Warning in selectChildren(jobs, timeout) :
  cannot wait for child 38804 as it does not exist
Warning in selectChildren(jobs, timeout) :
  cannot wait for child 38803 as it does not exist
Warning in selectChildren(jobs, timeout) :
  cannot wait for child 38802 as it does not exist
Warning in selectChildren(jobs, timeout) :
  cannot wait for child 38800 as it does not exist
Warning in selectChildren(jobs, timeout) :
  cannot wait for child 38797 as it does not exist
Warning in selectChildren(jobs, timeout) :
  cannot wait for child 38796 as it does not exist
Warning in selectChildren(jobs, timeout) :
  cannot wait for child 38794 as it does not exist
Warning in selectChildren(jobs, timeout) :
  cannot wait for child 38793 as it does not exist
Warning in selectChildren(jobs, timeout) :
  cannot wait for child 38790 as it does not exist
Warning in selectChildren(jobs, timeout) :
  cannot wait for child 38789 as it does not exist
Warning in selectChildren(jobs, timeout) :
  cannot wait for child 38788 as it does not exist
Warning in selectChildren(jobs, timeout) :
  cannot wait for child 38787 as it does not exist
Warning in selectChildren(jobs, timeout) :
  cannot wait for child 38786 as it does not exist
Warning in selectChildren(jobs, timeout) :
  cannot wait for child 38819 as it does not exist
Warning in selectChildren(jobs, timeout) :
  cannot wait for child 38818 as it does not exist
Warning in selectChildren(jobs, timeout) :
  cannot wait for child 38817 as it does not exist
Warning in selectChildren(jobs, timeout) :
  cannot wait for child 38814 as it does not exist
Warning in selectChildren(jobs, timeout) :
  cannot wait for child 38813 as it does not exist
Warning in selectChildren(jobs, timeout) :
  cannot wait for child 38806 as it does not exist
Warning in selectChildren(jobs, timeout) :
  cannot wait for child 38805 as it does not exist
Warning in selectChildren(jobs, timeout) :
  cannot wait for child 38804 as it does not exist
Warning in selectChildren(jobs, timeout) :
  cannot wait for child 38803 as it does not exist
Warning in selectChildren(jobs, timeout) :
  cannot wait for child 38802 as it does not exist
Warning in selectChildren(jobs, timeout) :
  cannot wait for child 38800 as it does not exist
Warning in selectChildren(jobs, timeout) :
  cannot wait for child 38797 as it does not exist
Warning in selectChildren(jobs, timeout) :
  cannot wait for child 38796 as it does not exist
Warning in selectChildren(jobs, timeout) :
  cannot wait for child 38794 as it does not exist
Warning in selectChildren(jobs, timeout) :
  cannot wait for child 38793 as it does not exist
Warning in selectChildren(jobs, timeout) :
  cannot wait for child 38790 as it does not exist
Warning in selectChildren(jobs, timeout) :
  cannot wait for child 38789 as it does not exist
Warning in selectChildren(jobs, timeout) :
  cannot wait for child 38788 as it does not exist
Warning in selectChildren(jobs, timeout) :
  cannot wait for child 38787 as it does not exist
Warning in selectChildren(jobs, timeout) :
  cannot wait for child 38786 as it does not exist
sh: line 0: kill: (38784) - No such process
Warning in selectChildren(jobs, timeout) :
  cannot wait for child 38819 as it does not exist
Warning in selectChildren(jobs, timeout) :
  cannot wait for child 38818 as it does not exist
Warning in selectChildren(jobs, timeout) :
  cannot wait for child 38817 as it does not exist
Warning in selectChildren(jobs, timeout) :
  cannot wait for child 38814 as it does not exist
Warning in selectChildren(jobs, timeout) :
  cannot wait for child 38813 as it does not exist
Warning in selectChildren(jobs, timeout) :
  cannot wait for child 38806 as it does not exist
Warning in selectChildren(jobs, timeout) :
  cannot wait for child 38805 as it does not exist
Warning in selectChildren(jobs, timeout) :
  cannot wait for child 38804 as it does not exist
Warning in selectChildren(jobs, timeout) :
  cannot wait for child 38803 as it does not exist
Warning in selectChildren(jobs, timeout) :
  cannot wait for child 38802 as it does not exist
Warning in selectChildren(jobs, timeout) :
  cannot wait for child 38800 as it does not exist
Warning in selectChildren(jobs, timeout) :
  cannot wait for child 38797 as it does not exist
Warning in selectChildren(jobs, timeout) :
  cannot wait for child 38796 as it does not exist
Warning in selectChildren(jobs, timeout) :
  cannot wait for child 38794 as it does not exist
Warning in selectChildren(jobs, timeout) :
  cannot wait for child 38793 as it does not exist
Warning in selectChildren(jobs, timeout) :
  cannot wait for child 38790 as it does not exist
Warning in selectChildren(jobs, timeout) :
  cannot wait for child 38789 as it does not exist
Warning in selectChildren(jobs, timeout) :
  cannot wait for child 38788 as it does not exist
Warning in selectChildren(jobs, timeout) :
  cannot wait for child 38787 as it does not exist
Warning in selectChildren(jobs, timeout) :
  cannot wait for child 38819 as it does not exist
Warning in selectChildren(jobs, timeout) :
  cannot wait for child 38818 as it does not exist
Warning in selectChildren(jobs, timeout) :
  cannot wait for child 38817 as it does not exist
Warning in selectChildren(jobs, timeout) :
  cannot wait for child 38814 as it does not exist
Warning in selectChildren(jobs, timeout) :
  cannot wait for child 38813 as it does not exist
Warning in selectChildren(jobs, timeout) :
  cannot wait for child 38806 as it does not exist
Warning in selectChildren(jobs, timeout) :
  cannot wait for child 38805 as it does not exist
Warning in selectChildren(jobs, timeout) :
  cannot wait for child 38804 as it does not exist
Warning in selectChildren(jobs, timeout) :
  cannot wait for child 38803 as it does not exist
Warning in selectChildren(jobs, timeout) :
  cannot wait for child 38802 as it does not exist
Warning in selectChildren(jobs, timeout) :
  cannot wait for child 38800 as it does not exist
Warning in selectChildren(jobs, timeout) :
  cannot wait for child 38797 as it does not exist
Warning in selectChildren(jobs, timeout) :
  cannot wait for child 38796 as it does not exist
Warning in selectChildren(jobs, timeout) :
  cannot wait for child 38794 as it does not exist
Warning in selectChildren(jobs, timeout) :
  cannot wait for child 38793 as it does not exist
Warning in selectChildren(jobs, timeout) :
  cannot wait for child 38790 as it does not exist
Warning in selectChildren(jobs, timeout) :
  cannot wait for child 38789 as it does not exist
Warning in selectChildren(jobs, timeout) :
  cannot wait for child 38788 as it does not exist
Warning in selectChildren(jobs, timeout) :
  cannot wait for child 38787 as it does not exist
sh: line 0: kill: (38786) - No such process
Warning in selectChildren(jobs, timeout) :
  cannot wait for child 38819 as it does not exist
Warning in selectChildren(jobs, timeout) :
  cannot wait for child 38818 as it does not exist
Warning in selectChildren(jobs, timeout) :
  cannot wait for child 38817 as it does not exist
Warning in selectChildren(jobs, timeout) :
  cannot wait for child 38814 as it does not exist
Warning in selectChildren(jobs, timeout) :
  cannot wait for child 38813 as it does not exist
Warning in selectChildren(jobs, timeout) :
  cannot wait for child 38806 as it does not exist
Warning in selectChildren(jobs, timeout) :
  cannot wait for child 38805 as it does not exist
Warning in selectChildren(jobs, timeout) :
  cannot wait for child 38804 as it does not exist
Warning in selectChildren(jobs, timeout) :
  cannot wait for child 38803 as it does not exist
Warning in selectChildren(jobs, timeout) :
  cannot wait for child 38802 as it does not exist
Warning in selectChildren(jobs, timeout) :
  cannot wait for child 38800 as it does not exist
Warning in selectChildren(jobs, timeout) :
  cannot wait for child 38797 as it does not exist
Warning in selectChildren(jobs, timeout) :
  cannot wait for child 38796 as it does not exist
Warning in selectChildren(jobs, timeout) :
  cannot wait for child 38794 as it does not exist
Warning in selectChildren(jobs, timeout) :
  cannot wait for child 38793 as it does not exist
Warning in selectChildren(jobs, timeout) :
  cannot wait for child 38790 as it does not exist
Warning in selectChildren(jobs, timeout) :
  cannot wait for child 38789 as it does not exist
Warning in selectChildren(jobs, timeout) :
  cannot wait for child 38788 as it does not exist
Warning in selectChildren(jobs, timeout) :
  cannot wait for child 38819 as it does not exist
Warning in selectChildren(jobs, timeout) :
  cannot wait for child 38818 as it does not exist
Warning in selectChildren(jobs, timeout) :
  cannot wait for child 38817 as it does not exist
Warning in selectChildren(jobs, timeout) :
  cannot wait for child 38814 as it does not exist
Warning in selectChildren(jobs, timeout) :
  cannot wait for child 38813 as it does not exist
Warning in selectChildren(jobs, timeout) :
  cannot wait for child 38806 as it does not exist
Warning in selectChildren(jobs, timeout) :
  cannot wait for child 38805 as it does not exist
Warning in selectChildren(jobs, timeout) :
  cannot wait for child 38804 as it does not exist
Warning in selectChildren(jobs, timeout) :
  cannot wait for child 38803 as it does not exist
Warning in selectChildren(jobs, timeout) :
  cannot wait for child 38802 as it does not exist
Warning in selectChildren(jobs, timeout) :
  cannot wait for child 38800 as it does not exist
Warning in selectChildren(jobs, timeout) :
  cannot wait for child 38797 as it does not exist
Warning in selectChildren(jobs, timeout) :
  cannot wait for child 38796 as it does not exist
Warning in selectChildren(jobs, timeout) :
  cannot wait for child 38794 as it does not exist
Warning in selectChildren(jobs, timeout) :
  cannot wait for child 38793 as it does not exist
Warning in selectChildren(jobs, timeout) :
  cannot wait for child 38790 as it does not exist
Warning in selectChildren(jobs, timeout) :
  cannot wait for child 38789 as it does not exist
Warning in selectChildren(jobs, timeout) :
  cannot wait for child 38788 as it does not exist
sh: line 0: kill: (38787) - No such process
Warning in selectChildren(jobs, timeout) :
  cannot wait for child 38819 as it does not exist
Warning in selectChildren(jobs, timeout) :
  cannot wait for child 38818 as it does not exist
Warning in selectChildren(jobs, timeout) :
  cannot wait for child 38817 as it does not exist
Warning in selectChildren(jobs, timeout) :
  cannot wait for child 38814 as it does not exist
Warning in selectChildren(jobs, timeout) :
  cannot wait for child 38813 as it does not exist
Warning in selectChildren(jobs, timeout) :
  cannot wait for child 38806 as it does not exist
Warning in selectChildren(jobs, timeout) :
  cannot wait for child 38805 as it does not exist
Warning in selectChildren(jobs, timeout) :
  cannot wait for child 38804 as it does not exist
Warning in selectChildren(jobs, timeout) :
  cannot wait for child 38803 as it does not exist
Warning in selectChildren(jobs, timeout) :
  cannot wait for child 38802 as it does not exist
Warning in selectChildren(jobs, timeout) :
  cannot wait for child 38800 as it does not exist
Warning in selectChildren(jobs, timeout) :
  cannot wait for child 38797 as it does not exist
Warning in selectChildren(jobs, timeout) :
  cannot wait for child 38796 as it does not exist
Warning in selectChildren(jobs, timeout) :
  cannot wait for child 38794 as it does not exist
Warning in selectChildren(jobs, timeout) :
  cannot wait for child 38793 as it does not exist
Warning in selectChildren(jobs, timeout) :
  cannot wait for child 38790 as it does not exist
Warning in selectChildren(jobs, timeout) :
  cannot wait for child 38789 as it does not exist
Warning in selectChildren(jobs, timeout) :
  cannot wait for child 38819 as it does not exist
Warning in selectChildren(jobs, timeout) :
  cannot wait for child 38818 as it does not exist
Warning in selectChildren(jobs, timeout) :
  cannot wait for child 38817 as it does not exist
Warning in selectChildren(jobs, timeout) :
  cannot wait for child 38814 as it does not exist
Warning in selectChildren(jobs, timeout) :
  cannot wait for child 38813 as it does not exist
Warning in selectChildren(jobs, timeout) :
  cannot wait for child 38806 as it does not exist
Warning in selectChildren(jobs, timeout) :
  cannot wait for child 38805 as it does not exist
Warning in selectChildren(jobs, timeout) :
  cannot wait for child 38804 as it does not exist
Warning in selectChildren(jobs, timeout) :
  cannot wait for child 38803 as it does not exist
Warning in selectChildren(jobs, timeout) :
  cannot wait for child 38802 as it does not exist
Warning in selectChildren(jobs, timeout) :
  cannot wait for child 38800 as it does not exist
Warning in selectChildren(jobs, timeout) :
  cannot wait for child 38797 as it does not exist
Warning in selectChildren(jobs, timeout) :
  cannot wait for child 38796 as it does not exist
Warning in selectChildren(jobs, timeout) :
  cannot wait for child 38794 as it does not exist
Warning in selectChildren(jobs, timeout) :
  cannot wait for child 38793 as it does not exist
Warning in selectChildren(jobs, timeout) :
  cannot wait for child 38790 as it does not exist
Warning in selectChildren(jobs, timeout) :
  cannot wait for child 38788 as it does not exist
Warning in selectChildren(jobs, timeout) :
  cannot wait for child 38819 as it does not exist
Warning in selectChildren(jobs, timeout) :
  cannot wait for child 38818 as it does not exist
Warning in selectChildren(jobs, timeout) :
  cannot wait for child 38817 as it does not exist
Warning in selectChildren(jobs, timeout) :
  cannot wait for child 38814 as it does not exist
Warning in selectChildren(jobs, timeout) :
  cannot wait for child 38813 as it does not exist
Warning in selectChildren(jobs, timeout) :
  cannot wait for child 38806 as it does not exist
Warning in selectChildren(jobs, timeout) :
  cannot wait for child 38805 as it does not exist
Warning in selectChildren(jobs, timeout) :
  cannot wait for child 38804 as it does not exist
Warning in selectChildren(jobs, timeout) :
  cannot wait for child 38803 as it does not exist
Warning in selectChildren(jobs, timeout) :
  cannot wait for child 38802 as it does not exist
Warning in selectChildren(jobs, timeout) :
  cannot wait for child 38800 as it does not exist
Warning in selectChildren(jobs, timeout) :
  cannot wait for child 38797 as it does not exist
Warning in selectChildren(jobs, timeout) :
  cannot wait for child 38796 as it does not exist
Warning in selectChildren(jobs, timeout) :
  cannot wait for child 38794 as it does not exist
Warning in selectChildren(jobs, timeout) :
  cannot wait for child 38793 as it does not exist
Warning in selectChildren(jobs, timeout) :
  cannot wait for child 38790 as it does not exist
Warning in selectChildren(jobs, timeout) :
  cannot wait for child 38788 as it does not exist
sh: line 0: kill: (38789) - No such process
Warning in selectChildren(jobs, timeout) :
  cannot wait for child 38819 as it does not exist
Warning in selectChildren(jobs, timeout) :
  cannot wait for child 38818 as it does not exist
Warning in selectChildren(jobs, timeout) :
  cannot wait for child 38817 as it does not exist
Warning in selectChildren(jobs, timeout) :
  cannot wait for child 38814 as it does not exist
Warning in selectChildren(jobs, timeout) :
  cannot wait for child 38813 as it does not exist
Warning in selectChildren(jobs, timeout) :
  cannot wait for child 38806 as it does not exist
Warning in selectChildren(jobs, timeout) :
  cannot wait for child 38805 as it does not exist
Warning in selectChildren(jobs, timeout) :
  cannot wait for child 38804 as it does not exist
Warning in selectChildren(jobs, timeout) :
  cannot wait for child 38803 as it does not exist
Warning in selectChildren(jobs, timeout) :
  cannot wait for child 38802 as it does not exist
Warning in selectChildren(jobs, timeout) :
  cannot wait for child 38800 as it does not exist
Warning in selectChildren(jobs, timeout) :
  cannot wait for child 38797 as it does not exist
Warning in selectChildren(jobs, timeout) :
  cannot wait for child 38796 as it does not exist
Warning in selectChildren(jobs, timeout) :
  cannot wait for child 38794 as it does not exist
Warning in selectChildren(jobs, timeout) :
  cannot wait for child 38793 as it does not exist
Warning in selectChildren(jobs, timeout) :
  cannot wait for child 38788 as it does not exist
Warning in selectChildren(jobs, timeout) :
  cannot wait for child 38819 as it does not exist
Warning in selectChildren(jobs, timeout) :
  cannot wait for child 38818 as it does not exist
Warning in selectChildren(jobs, timeout) :
  cannot wait for child 38817 as it does not exist
Warning in selectChildren(jobs, timeout) :
  cannot wait for child 38814 as it does not exist
Warning in selectChildren(jobs, timeout) :
  cannot wait for child 38813 as it does not exist
Warning in selectChildren(jobs, timeout) :
  cannot wait for child 38806 as it does not exist
Warning in selectChildren(jobs, timeout) :
  cannot wait for child 38805 as it does not exist
Warning in selectChildren(jobs, timeout) :
  cannot wait for child 38804 as it does not exist
Warning in selectChildren(jobs, timeout) :
  cannot wait for child 38803 as it does not exist
Warning in selectChildren(jobs, timeout) :
  cannot wait for child 38802 as it does not exist
Warning in selectChildren(jobs, timeout) :
  cannot wait for child 38800 as it does not exist
Warning in selectChildren(jobs, timeout) :
  cannot wait for child 38797 as it does not exist
Warning in selectChildren(jobs, timeout) :
  cannot wait for child 38796 as it does not exist
Warning in selectChildren(jobs, timeout) :
  cannot wait for child 38794 as it does not exist
Warning in selectChildren(jobs, timeout) :
  cannot wait for child 38793 as it does not exist
Warning in selectChildren(jobs, timeout) :
  cannot wait for child 38788 as it does not exist
sh: line 0: kill: (38790) - No such process
Warning in selectChildren(jobs, timeout) :
  cannot wait for child 38819 as it does not exist
Warning in selectChildren(jobs, timeout) :
  cannot wait for child 38818 as it does not exist
Warning in selectChildren(jobs, timeout) :
  cannot wait for child 38817 as it does not exist
Warning in selectChildren(jobs, timeout) :
  cannot wait for child 38814 as it does not exist
Warning in selectChildren(jobs, timeout) :
  cannot wait for child 38813 as it does not exist
Warning in selectChildren(jobs, timeout) :
  cannot wait for child 38806 as it does not exist
Warning in selectChildren(jobs, timeout) :
  cannot wait for child 38805 as it does not exist
Warning in selectChildren(jobs, timeout) :
  cannot wait for child 38804 as it does not exist
Warning in selectChildren(jobs, timeout) :
  cannot wait for child 38803 as it does not exist
Warning in selectChildren(jobs, timeout) :
  cannot wait for child 38802 as it does not exist
Warning in selectChildren(jobs, timeout) :
  cannot wait for child 38800 as it does not exist
Warning in selectChildren(jobs, timeout) :
  cannot wait for child 38797 as it does not exist
Warning in selectChildren(jobs, timeout) :
  cannot wait for child 38796 as it does not exist
Warning in selectChildren(jobs, timeout) :
  cannot wait for child 38794 as it does not exist
Warning in selectChildren(jobs, timeout) :
  cannot wait for child 38788 as it does not exist
Warning in selectChildren(jobs, timeout) :
  cannot wait for child 38819 as it does not exist
Warning in selectChildren(jobs, timeout) :
  cannot wait for child 38818 as it does not exist
Warning in selectChildren(jobs, timeout) :
  cannot wait for child 38817 as it does not exist
Warning in selectChildren(jobs, timeout) :
  cannot wait for child 38814 as it does not exist
Warning in selectChildren(jobs, timeout) :
  cannot wait for child 38813 as it does not exist
Warning in selectChildren(jobs, timeout) :
  cannot wait for child 38806 as it does not exist
Warning in selectChildren(jobs, timeout) :
  cannot wait for child 38805 as it does not exist
Warning in selectChildren(jobs, timeout) :
  cannot wait for child 38804 as it does not exist
Warning in selectChildren(jobs, timeout) :
  cannot wait for child 38803 as it does not exist
Warning in selectChildren(jobs, timeout) :
  cannot wait for child 38802 as it does not exist
Warning in selectChildren(jobs, timeout) :
  cannot wait for child 38800 as it does not exist
Warning in selectChildren(jobs, timeout) :
  cannot wait for child 38797 as it does not exist
Warning in selectChildren(jobs, timeout) :
  cannot wait for child 38796 as it does not exist
Warning in selectChildren(jobs, timeout) :
  cannot wait for child 38794 as it does not exist
Warning in selectChildren(jobs, timeout) :
  cannot wait for child 38788 as it does not exist
sh: line 0: kill: (38793) - No such process
Warning in selectChildren(jobs, timeout) :
  cannot wait for child 38819 as it does not exist
Warning in selectChildren(jobs, timeout) :
  cannot wait for child 38818 as it does not exist
Warning in selectChildren(jobs, timeout) :
  cannot wait for child 38817 as it does not exist
Warning in selectChildren(jobs, timeout) :
  cannot wait for child 38814 as it does not exist
Warning in selectChildren(jobs, timeout) :
  cannot wait for child 38813 as it does not exist
Warning in selectChildren(jobs, timeout) :
  cannot wait for child 38806 as it does not exist
Warning in selectChildren(jobs, timeout) :
  cannot wait for child 38805 as it does not exist
Warning in selectChildren(jobs, timeout) :
  cannot wait for child 38804 as it does not exist
Warning in selectChildren(jobs, timeout) :
  cannot wait for child 38803 as it does not exist
Warning in selectChildren(jobs, timeout) :
  cannot wait for child 38802 as it does not exist
Warning in selectChildren(jobs, timeout) :
  cannot wait for child 38800 as it does not exist
Warning in selectChildren(jobs, timeout) :
  cannot wait for child 38797 as it does not exist
Warning in selectChildren(jobs, timeout) :
  cannot wait for child 38796 as it does not exist
Warning in selectChildren(jobs, timeout) :
  cannot wait for child 38788 as it does not exist
Warning in selectChildren(jobs, timeout) :
  cannot wait for child 38819 as it does not exist
Warning in selectChildren(jobs, timeout) :
  cannot wait for child 38818 as it does not exist
Warning in selectChildren(jobs, timeout) :
  cannot wait for child 38817 as it does not exist
Warning in selectChildren(jobs, timeout) :
  cannot wait for child 38814 as it does not exist
Warning in selectChildren(jobs, timeout) :
  cannot wait for child 38813 as it does not exist
Warning in selectChildren(jobs, timeout) :
  cannot wait for child 38806 as it does not exist
Warning in selectChildren(jobs, timeout) :
  cannot wait for child 38805 as it does not exist
Warning in selectChildren(jobs, timeout) :
  cannot wait for child 38804 as it does not exist
Warning in selectChildren(jobs, timeout) :
  cannot wait for child 38803 as it does not exist
Warning in selectChildren(jobs, timeout) :
  cannot wait for child 38802 as it does not exist
Warning in selectChildren(jobs, timeout) :
  cannot wait for child 38800 as it does not exist
Warning in selectChildren(jobs, timeout) :
  cannot wait for child 38797 as it does not exist
Warning in selectChildren(jobs, timeout) :
  cannot wait for child 38796 as it does not exist
Warning in selectChildren(jobs, timeout) :
  cannot wait for child 38788 as it does not exist
sh: line 0: kill: (38794) - No such process
Warning in selectChildren(jobs, timeout) :
  cannot wait for child 38819 as it does not exist
Warning in selectChildren(jobs, timeout) :
  cannot wait for child 38818 as it does not exist
Warning in selectChildren(jobs, timeout) :
  cannot wait for child 38817 as it does not exist
Warning in selectChildren(jobs, timeout) :
  cannot wait for child 38814 as it does not exist
Warning in selectChildren(jobs, timeout) :
  cannot wait for child 38813 as it does not exist
Warning in selectChildren(jobs, timeout) :
  cannot wait for child 38806 as it does not exist
Warning in selectChildren(jobs, timeout) :
  cannot wait for child 38805 as it does not exist
Warning in selectChildren(jobs, timeout) :
  cannot wait for child 38804 as it does not exist
Warning in selectChildren(jobs, timeout) :
  cannot wait for child 38803 as it does not exist
Warning in selectChildren(jobs, timeout) :
  cannot wait for child 38802 as it does not exist
Warning in selectChildren(jobs, timeout) :
  cannot wait for child 38800 as it does not exist
Warning in selectChildren(jobs, timeout) :
  cannot wait for child 38797 as it does not exist
Warning in selectChildren(jobs, timeout) :
  cannot wait for child 38788 as it does not exist
Warning in selectChildren(jobs, timeout) :
  cannot wait for child 38819 as it does not exist
Warning in selectChildren(jobs, timeout) :
  cannot wait for child 38818 as it does not exist
Warning in selectChildren(jobs, timeout) :
  cannot wait for child 38817 as it does not exist
Warning in selectChildren(jobs, timeout) :
  cannot wait for child 38814 as it does not exist
Warning in selectChildren(jobs, timeout) :
  cannot wait for child 38813 as it does not exist
Warning in selectChildren(jobs, timeout) :
  cannot wait for child 38806 as it does not exist
Warning in selectChildren(jobs, timeout) :
  cannot wait for child 38805 as it does not exist
Warning in selectChildren(jobs, timeout) :
  cannot wait for child 38804 as it does not exist
Warning in selectChildren(jobs, timeout) :
  cannot wait for child 38803 as it does not exist
Warning in selectChildren(jobs, timeout) :
  cannot wait for child 38802 as it does not exist
Warning in selectChildren(jobs, timeout) :
  cannot wait for child 38800 as it does not exist
Warning in selectChildren(jobs, timeout) :
  cannot wait for child 38797 as it does not exist
Warning in selectChildren(jobs, timeout) :
  cannot wait for child 38788 as it does not exist
sh: line 0: kill: (38796) - No such process
Warning in selectChildren(jobs, timeout) :
  cannot wait for child 38819 as it does not exist
Warning in selectChildren(jobs, timeout) :
  cannot wait for child 38818 as it does not exist
Warning in selectChildren(jobs, timeout) :
  cannot wait for child 38817 as it does not exist
Warning in selectChildren(jobs, timeout) :
  cannot wait for child 38814 as it does not exist
Warning in selectChildren(jobs, timeout) :
  cannot wait for child 38813 as it does not exist
Warning in selectChildren(jobs, timeout) :
  cannot wait for child 38806 as it does not exist
Warning in selectChildren(jobs, timeout) :
  cannot wait for child 38805 as it does not exist
Warning in selectChildren(jobs, timeout) :
  cannot wait for child 38804 as it does not exist
Warning in selectChildren(jobs, timeout) :
  cannot wait for child 38803 as it does not exist
Warning in selectChildren(jobs, timeout) :
  cannot wait for child 38802 as it does not exist
Warning in selectChildren(jobs, timeout) :
  cannot wait for child 38800 as it does not exist
Warning in selectChildren(jobs, timeout) :
  cannot wait for child 38788 as it does not exist
Warning in selectChildren(jobs, timeout) :
  cannot wait for child 38819 as it does not exist
Warning in selectChildren(jobs, timeout) :
  cannot wait for child 38818 as it does not exist
Warning in selectChildren(jobs, timeout) :
  cannot wait for child 38817 as it does not exist
Warning in selectChildren(jobs, timeout) :
  cannot wait for child 38814 as it does not exist
Warning in selectChildren(jobs, timeout) :
  cannot wait for child 38813 as it does not exist
Warning in selectChildren(jobs, timeout) :
  cannot wait for child 38806 as it does not exist
Warning in selectChildren(jobs, timeout) :
  cannot wait for child 38805 as it does not exist
Warning in selectChildren(jobs, timeout) :
  cannot wait for child 38804 as it does not exist
Warning in selectChildren(jobs, timeout) :
  cannot wait for child 38803 as it does not exist
Warning in selectChildren(jobs, timeout) :
  cannot wait for child 38802 as it does not exist
Warning in selectChildren(jobs, timeout) :
  cannot wait for child 38800 as it does not exist
Warning in selectChildren(jobs, timeout) :
  cannot wait for child 38788 as it does not exist
sh: line 0: kill: (38797) - No such process
Warning in selectChildren(jobs, timeout) :
  cannot wait for child 38819 as it does not exist
Warning in selectChildren(jobs, timeout) :
  cannot wait for child 38818 as it does not exist
Warning in selectChildren(jobs, timeout) :
  cannot wait for child 38817 as it does not exist
Warning in selectChildren(jobs, timeout) :
  cannot wait for child 38814 as it does not exist
Warning in selectChildren(jobs, timeout) :
  cannot wait for child 38813 as it does not exist
Warning in selectChildren(jobs, timeout) :
  cannot wait for child 38806 as it does not exist
Warning in selectChildren(jobs, timeout) :
  cannot wait for child 38805 as it does not exist
Warning in selectChildren(jobs, timeout) :
  cannot wait for child 38804 as it does not exist
Warning in selectChildren(jobs, timeout) :
  cannot wait for child 38803 as it does not exist
Warning in selectChildren(jobs, timeout) :
  cannot wait for child 38802 as it does not exist
Warning in selectChildren(jobs, timeout) :
  cannot wait for child 38788 as it does not exist
Warning in selectChildren(jobs, timeout) :
  cannot wait for child 38819 as it does not exist
Warning in selectChildren(jobs, timeout) :
  cannot wait for child 38818 as it does not exist
Warning in selectChildren(jobs, timeout) :
  cannot wait for child 38817 as it does not exist
Warning in selectChildren(jobs, timeout) :
  cannot wait for child 38814 as it does not exist
Warning in selectChildren(jobs, timeout) :
  cannot wait for child 38813 as it does not exist
Warning in selectChildren(jobs, timeout) :
  cannot wait for child 38806 as it does not exist
Warning in selectChildren(jobs, timeout) :
  cannot wait for child 38805 as it does not exist
Warning in selectChildren(jobs, timeout) :
  cannot wait for child 38804 as it does not exist
Warning in selectChildren(jobs, timeout) :
  cannot wait for child 38803 as it does not exist
Warning in selectChildren(jobs, timeout) :
  cannot wait for child 38802 as it does not exist
Warning in selectChildren(jobs, timeout) :
  cannot wait for child 38788 as it does not exist
sh: line 0: kill: (38800) - No such process
Warning in selectChildren(jobs, timeout) :
  cannot wait for child 38819 as it does not exist
Warning in selectChildren(jobs, timeout) :
  cannot wait for child 38818 as it does not exist
Warning in selectChildren(jobs, timeout) :
  cannot wait for child 38817 as it does not exist
Warning in selectChildren(jobs, timeout) :
  cannot wait for child 38814 as it does not exist
Warning in selectChildren(jobs, timeout) :
  cannot wait for child 38813 as it does not exist
Warning in selectChildren(jobs, timeout) :
  cannot wait for child 38806 as it does not exist
Warning in selectChildren(jobs, timeout) :
  cannot wait for child 38805 as it does not exist
Warning in selectChildren(jobs, timeout) :
  cannot wait for child 38804 as it does not exist
Warning in selectChildren(jobs, timeout) :
  cannot wait for child 38803 as it does not exist
Warning in selectChildren(jobs, timeout) :
  cannot wait for child 38788 as it does not exist
Warning in selectChildren(jobs, timeout) :
  cannot wait for child 38819 as it does not exist
Warning in selectChildren(jobs, timeout) :
  cannot wait for child 38818 as it does not exist
Warning in selectChildren(jobs, timeout) :
  cannot wait for child 38817 as it does not exist
Warning in selectChildren(jobs, timeout) :
  cannot wait for child 38814 as it does not exist
Warning in selectChildren(jobs, timeout) :
  cannot wait for child 38813 as it does not exist
Warning in selectChildren(jobs, timeout) :
  cannot wait for child 38806 as it does not exist
Warning in selectChildren(jobs, timeout) :
  cannot wait for child 38805 as it does not exist
Warning in selectChildren(jobs, timeout) :
  cannot wait for child 38804 as it does not exist
Warning in selectChildren(jobs, timeout) :
  cannot wait for child 38803 as it does not exist
Warning in selectChildren(jobs, timeout) :
  cannot wait for child 38788 as it does not exist
sh: line 0: kill: (38802) - No such process
Warning in selectChildren(jobs, timeout) :
  cannot wait for child 38819 as it does not exist
Warning in selectChildren(jobs, timeout) :
  cannot wait for child 38818 as it does not exist
Warning in selectChildren(jobs, timeout) :
  cannot wait for child 38817 as it does not exist
Warning in selectChildren(jobs, timeout) :
  cannot wait for child 38814 as it does not exist
Warning in selectChildren(jobs, timeout) :
  cannot wait for child 38813 as it does not exist
Warning in selectChildren(jobs, timeout) :
  cannot wait for child 38806 as it does not exist
Warning in selectChildren(jobs, timeout) :
  cannot wait for child 38805 as it does not exist
Warning in selectChildren(jobs, timeout) :
  cannot wait for child 38804 as it does not exist
Warning in selectChildren(jobs, timeout) :
  cannot wait for child 38788 as it does not exist
Warning in selectChildren(jobs, timeout) :
  cannot wait for child 38819 as it does not exist
Warning in selectChildren(jobs, timeout) :
  cannot wait for child 38818 as it does not exist
Warning in selectChildren(jobs, timeout) :
  cannot wait for child 38817 as it does not exist
Warning in selectChildren(jobs, timeout) :
  cannot wait for child 38814 as it does not exist
Warning in selectChildren(jobs, timeout) :
  cannot wait for child 38813 as it does not exist
Warning in selectChildren(jobs, timeout) :
  cannot wait for child 38806 as it does not exist
Warning in selectChildren(jobs, timeout) :
  cannot wait for child 38805 as it does not exist
Warning in selectChildren(jobs, timeout) :
  cannot wait for child 38804 as it does not exist
Warning in selectChildren(jobs, timeout) :
  cannot wait for child 38788 as it does not exist
sh: line 0: kill: (38803) - No such process
Warning in selectChildren(jobs, timeout) :
  cannot wait for child 38819 as it does not exist
Warning in selectChildren(jobs, timeout) :
  cannot wait for child 38818 as it does not exist
Warning in selectChildren(jobs, timeout) :
  cannot wait for child 38817 as it does not exist
Warning in selectChildren(jobs, timeout) :
  cannot wait for child 38814 as it does not exist
Warning in selectChildren(jobs, timeout) :
  cannot wait for child 38813 as it does not exist
Warning in selectChildren(jobs, timeout) :
  cannot wait for child 38806 as it does not exist
Warning in selectChildren(jobs, timeout) :
  cannot wait for child 38805 as it does not exist
Warning in selectChildren(jobs, timeout) :
  cannot wait for child 38788 as it does not exist
Warning in selectChildren(jobs, timeout) :
  cannot wait for child 38819 as it does not exist
Warning in selectChildren(jobs, timeout) :
  cannot wait for child 38818 as it does not exist
Warning in selectChildren(jobs, timeout) :
  cannot wait for child 38817 as it does not exist
Warning in selectChildren(jobs, timeout) :
  cannot wait for child 38814 as it does not exist
Warning in selectChildren(jobs, timeout) :
  cannot wait for child 38813 as it does not exist
Warning in selectChildren(jobs, timeout) :
  cannot wait for child 38806 as it does not exist
Warning in selectChildren(jobs, timeout) :
  cannot wait for child 38805 as it does not exist
Warning in selectChildren(jobs, timeout) :
  cannot wait for child 38788 as it does not exist
sh: line 0: kill: (38804) - No such process
Warning in selectChildren(jobs, timeout) :
  cannot wait for child 38819 as it does not exist
Warning in selectChildren(jobs, timeout) :
  cannot wait for child 38818 as it does not exist
Warning in selectChildren(jobs, timeout) :
  cannot wait for child 38817 as it does not exist
Warning in selectChildren(jobs, timeout) :
  cannot wait for child 38814 as it does not exist
Warning in selectChildren(jobs, timeout) :
  cannot wait for child 38813 as it does not exist
Warning in selectChildren(jobs, timeout) :
  cannot wait for child 38806 as it does not exist
Warning in selectChildren(jobs, timeout) :
  cannot wait for child 38788 as it does not exist
Warning in selectChildren(jobs, timeout) :
  cannot wait for child 38819 as it does not exist
Warning in selectChildren(jobs, timeout) :
  cannot wait for child 38818 as it does not exist
Warning in selectChildren(jobs, timeout) :
  cannot wait for child 38817 as it does not exist
Warning in selectChildren(jobs, timeout) :
  cannot wait for child 38814 as it does not exist
Warning in selectChildren(jobs, timeout) :
  cannot wait for child 38813 as it does not exist
Warning in selectChildren(jobs, timeout) :
  cannot wait for child 38806 as it does not exist
Warning in selectChildren(jobs, timeout) :
  cannot wait for child 38788 as it does not exist
sh: line 0: kill: (38805) - No such process
Warning in selectChildren(jobs, timeout) :
  cannot wait for child 38819 as it does not exist
Warning in selectChildren(jobs, timeout) :
  cannot wait for child 38818 as it does not exist
Warning in selectChildren(jobs, timeout) :
  cannot wait for child 38817 as it does not exist
Warning in selectChildren(jobs, timeout) :
  cannot wait for child 38814 as it does not exist
Warning in selectChildren(jobs, timeout) :
  cannot wait for child 38813 as it does not exist
Warning in selectChildren(jobs, timeout) :
  cannot wait for child 38788 as it does not exist
Warning in selectChildren(jobs, timeout) :
  cannot wait for child 38819 as it does not exist
Warning in selectChildren(jobs, timeout) :
  cannot wait for child 38818 as it does not exist
Warning in selectChildren(jobs, timeout) :
  cannot wait for child 38817 as it does not exist
Warning in selectChildren(jobs, timeout) :
  cannot wait for child 38814 as it does not exist
Warning in selectChildren(jobs, timeout) :
  cannot wait for child 38813 as it does not exist
Warning in selectChildren(jobs, timeout) :
  cannot wait for child 38788 as it does not exist
sh: line 0: kill: (38806) - No such process
Warning in selectChildren(jobs, timeout) :
  cannot wait for child 38819 as it does not exist
Warning in selectChildren(jobs, timeout) :
  cannot wait for child 38818 as it does not exist
Warning in selectChildren(jobs, timeout) :
  cannot wait for child 38817 as it does not exist
Warning in selectChildren(jobs, timeout) :
  cannot wait for child 38814 as it does not exist
Warning in selectChildren(jobs, timeout) :
  cannot wait for child 38788 as it does not exist
Warning in selectChildren(jobs, timeout) :
  cannot wait for child 38819 as it does not exist
Warning in selectChildren(jobs, timeout) :
  cannot wait for child 38818 as it does not exist
Warning in selectChildren(jobs, timeout) :
  cannot wait for child 38817 as it does not exist
Warning in selectChildren(jobs, timeout) :
  cannot wait for child 38814 as it does not exist
Warning in selectChildren(jobs, timeout) :
  cannot wait for child 38788 as it does not exist
sh: line 0: kill: (38813) - No such process
Warning in selectChildren(jobs, timeout) :
  cannot wait for child 38819 as it does not exist
Warning in selectChildren(jobs, timeout) :
  cannot wait for child 38818 as it does not exist
Warning in selectChildren(jobs, timeout) :
  cannot wait for child 38817 as it does not exist
Warning in selectChildren(jobs, timeout) :
  cannot wait for child 38788 as it does not exist
Warning in selectChildren(jobs, timeout) :
  cannot wait for child 38819 as it does not exist
Warning in selectChildren(jobs, timeout) :
  cannot wait for child 38818 as it does not exist
Warning in selectChildren(jobs, timeout) :
  cannot wait for child 38817 as it does not exist
Warning in selectChildren(jobs, timeout) :
  cannot wait for child 38788 as it does not exist
sh: line 0: kill: (38814) - No such process
Warning in selectChildren(jobs, timeout) :
  cannot wait for child 38819 as it does not exist
Warning in selectChildren(jobs, timeout) :
  cannot wait for child 38818 as it does not exist
Warning in selectChildren(jobs, timeout) :
  cannot wait for child 38788 as it does not exist
Warning in selectChildren(jobs, timeout) :
  cannot wait for child 38819 as it does not exist
Warning in selectChildren(jobs, timeout) :
  cannot wait for child 38818 as it does not exist
Warning in selectChildren(jobs, timeout) :
  cannot wait for child 38788 as it does not exist
sh: line 0: kill: (38817) - No such process
Warning in selectChildren(jobs, timeout) :
  cannot wait for child 38819 as it does not exist
Warning in selectChildren(jobs, timeout) :
  cannot wait for child 38788 as it does not exist
Warning in selectChildren(jobs, timeout) :
  cannot wait for child 38819 as it does not exist
Warning in selectChildren(jobs, timeout) :
  cannot wait for child 38788 as it does not exist
sh: line 0: kill: (38818) - No such process
Warning in selectChildren(jobs, timeout) :
  cannot wait for child 38788 as it does not exist
Warning in selectChildren(jobs, timeout) :
  cannot wait for child 38788 as it does not exist
sh: line 0: kill: (38819) - No such process


Execution halted

