
Listening on http://127.0.0.1:34343
pandoc: /scratch/RtmpUOBhcn/rmarkdown-str2f4dea440d6.html: openFile: does not exist (No such file or directory)
Warning in selectChildren(jobs, timeout) :
  cannot wait for child 12116 as it does not exist
Warning in selectChildren(jobs, timeout) :
  cannot wait for child 12115 as it does not exist
Warning in selectChildren(jobs, timeout) :
  cannot wait for child 12111 as it does not exist
Warning in selectChildren(jobs, timeout) :
  cannot wait for child 12110 as it does not exist
Warning in selectChildren(jobs, timeout) :
  cannot wait for child 12109 as it does not exist
Warning in selectChildren(jobs, timeout) :
  cannot wait for child 12116 as it does not exist
Warning in selectChildren(jobs, timeout) :
  cannot wait for child 12115 as it does not exist
Warning in selectChildren(jobs, timeout) :
  cannot wait for child 12111 as it does not exist
Warning in selectChildren(jobs, timeout) :
  cannot wait for child 12110 as it does not exist
Warning in selectChildren(jobs, timeout) :
  cannot wait for child 12108 as it does not exist
Warning in selectChildren(jobs, timeout) :
  cannot wait for child 12116 as it does not exist
Warning in selectChildren(jobs, timeout) :
  cannot wait for child 12115 as it does not exist
Warning in selectChildren(jobs, timeout) :
  cannot wait for child 12111 as it does not exist
Warning in selectChildren(jobs, timeout) :
  cannot wait for child 12110 as it does not exist
Warning in selectChildren(jobs, timeout) :
  cannot wait for child 12108 as it does not exist
sh: line 0: kill: (12109) - No such process
Warning in selectChildren(jobs, timeout) :
  cannot wait for child 12116 as it does not exist
Warning in selectChildren(jobs, timeout) :
  cannot wait for child 12115 as it does not exist
Warning in selectChildren(jobs, timeout) :
  cannot wait for child 12111 as it does not exist
Warning in selectChildren(jobs, timeout) :
  cannot wait for child 12108 as it does not exist
Warning in selectChildren(jobs, timeout) :
  cannot wait for child 12116 as it does not exist
Warning in selectChildren(jobs, timeout) :
  cannot wait for child 12115 as it does not exist
Warning in selectChildren(jobs, timeout) :
  cannot wait for child 12111 as it does not exist
Warning in selectChildren(jobs, timeout) :
  cannot wait for child 12108 as it does not exist
sh: line 0: kill: (12110) - No such process
Warning in selectChildren(jobs, timeout) :
  cannot wait for child 12116 as it does not exist
Warning in selectChildren(jobs, timeout) :
  cannot wait for child 12115 as it does not exist
Warning in selectChildren(jobs, timeout) :
  cannot wait for child 12108 as it does not exist
Warning in selectChildren(jobs, timeout) :
  cannot wait for child 12116 as it does not exist
Warning in selectChildren(jobs, timeout) :
  cannot wait for child 12115 as it does not exist
Warning in selectChildren(jobs, timeout) :
  cannot wait for child 12108 as it does not exist
sh: line 0: kill: (12111) - No such process
Warning in selectChildren(jobs, timeout) :
  cannot wait for child 12116 as it does not exist
Warning in selectChildren(jobs, timeout) :
  cannot wait for child 12108 as it does not exist
Warning in selectChildren(jobs, timeout) :
  cannot wait for child 12116 as it does not exist
Warning in selectChildren(jobs, timeout) :
  cannot wait for child 12108 as it does not exist
sh: line 0: kill: (12115) - No such process
Warning in selectChildren(jobs, timeout) :
  cannot wait for child 12108 as it does not exist
Warning in selectChildren(jobs, timeout) :
  cannot wait for child 12116 as it does not exist
Warning in selectChildren(jobs, timeout) :
  cannot wait for child 12108 as it does not exist
Warning in selectChildren(jobs, timeout) :
  cannot wait for child 12116 as it does not exist
Warning in selectChildren(jobs, timeout) :
  cannot wait for child 12108 as it does not exist
Warning in selectChildren(jobs, timeout) :
  cannot wait for child 12108 as it does not exist
sh: line 0: kill: (12116) - No such process
sh: line 0: kill: (12108) - No such process


Execution halted

